p/44.jpg 1 0 0 24 32
p/43.jpg 1 0 0 24 32
p/42.jpg 1 0 0 24 32
p/41.jpg 1 0 0 24 32
p/40.jpg 1 0 0 24 32
p/39.jpg 1 0 0 24 32
p/38.jpg 1 0 0 24 32
p/37.jpg 1 0 0 24 32
p/36.jpg 1 0 0 24 32
p/35.jpg 1 0 0 24 32
p/34.jpg 1 0 0 24 32
p/33.jpg 1 0 0 24 32
p/32.jpg 1 0 0 24 32
p/31.jpg 1 0 0 24 32
p/30.jpg 1 0 0 24 32
p/29.jpg 1 0 0 24 32
p/28.jpg 1 0 0 24 32
p/27.jpg 1 0 0 24 32
p/26.jpg 1 0 0 24 32
p/25.jpg 1 0 0 24 32
p/24.jpg 1 0 0 24 32
p/23.jpg 1 0 0 24 32
p/22.jpg 1 0 0 24 32
p/21.jpg 1 0 0 24 32
p/20.jpg 1 0 0 24 32
p/19.jpg 1 0 0 24 32
p/18.jpg 1 0 0 24 32
p/17.jpg 1 0 0 24 32
p/16.jpg 1 0 0 24 32
p/15.jpg 1 0 0 24 32
p/14.jpg 1 0 0 24 32
p/13.jpg 1 0 0 24 32
p/12.jpg 1 0 0 24 32
p/11.jpg 1 0 0 24 32
p/10.jpg 1 0 0 24 32
p/9.jpg 1 0 0 24 32
p/8.jpg 1 0 0 24 32
p/7.jpg 1 0 0 24 32
p/6.jpg 1 0 0 24 32
p/5.jpg 1 0 0 24 32
p/4.jpg 1 0 0 24 32
p/3.jpg 1 0 0 24 32
p/2.jpg 1 0 0 24 32
p/1.jpg 1 0 0 24 32
p/0.jpg 1 0 0 24 32